{"/home/sujal/Desktop/AutomatchAi/backend/src/db.ts": {"path":"/home/sujal/Desktop/AutomatchAi/backend/src/db.ts","statementMap":{"0":{"start":{"line":1,"column":0},"end":{"line":1,"column":46}},"1":{"start":{"line":3,"column":13},"end":{"line":3,"column":41}}},"fnMap":{},"branchMap":{},"s":{"0":4,"1":4},"f":{},"b":{}}
,"/home/sujal/Desktop/AutomatchAi/backend/src/secrets.ts": {"path":"/home/sujal/Desktop/AutomatchAi/backend/src/secrets.ts","statementMap":{"0":{"start":{"line":1,"column":0},"end":{"line":1,"column":28}},"1":{"start":{"line":3,"column":0},"end":{"line":3,"column":29}},"2":{"start":{"line":5,"column":13},"end":{"line":5,"column":37}},"3":{"start":{"line":6,"column":13},"end":{"line":6,"column":50}},"4":{"start":{"line":7,"column":13},"end":{"line":7,"column":57}},"5":{"start":{"line":8,"column":13},"end":{"line":8,"column":53}}},"fnMap":{},"branchMap":{},"s":{"0":5,"1":5,"2":5,"3":5,"4":5,"5":5},"f":{},"b":{}}
,"/home/sujal/Desktop/AutomatchAi/backend/src/config/serpApiConfig.ts": {"path":"/home/sujal/Desktop/AutomatchAi/backend/src/config/serpApiConfig.ts","statementMap":{"0":{"start":{"line":1,"column":0},"end":{"line":1,"column":26}},"1":{"start":{"line":2,"column":0},"end":{"line":2,"column":39}},"2":{"start":{"line":4,"column":32},"end":{"line":22,"column":2}},"3":{"start":{"line":4,"column":74},"end":{"line":22,"column":2}},"4":{"start":{"line":5,"column":17},"end":{"line":5,"column":29}},"5":{"start":{"line":6,"column":14},"end":{"line":8,"column":23}},"6":{"start":{"line":10,"column":2},"end":{"line":21,"column":3}},"7":{"start":{"line":11,"column":21},"end":{"line":11,"column":41}},"8":{"start":{"line":13,"column":4},"end":{"line":15,"column":5}},"9":{"start":{"line":14,"column":6},"end":{"line":14,"column":42}},"10":{"start":{"line":17,"column":4},"end":{"line":17,"column":51}},"11":{"start":{"line":19,"column":4},"end":{"line":19,"column":78}},"12":{"start":{"line":20,"column":4},"end":{"line":20,"column":47}},"13":{"start":{"line":4,"column":13},"end":{"line":4,"column":32}}},"fnMap":{"0":{"name":"(anonymous_8)","decl":{"start":{"line":4,"column":32},"end":{"line":4,"column":39}},"loc":{"start":{"line":4,"column":74},"end":{"line":22,"column":2}}},"1":{"name":"(anonymous_9)","decl":{"start":{"line":4,"column":74},"end":{"line":4,"column":null}},"loc":{"start":{"line":4,"column":74},"end":{"line":22,"column":1}}}},"branchMap":{"0":{"loc":{"start":{"line":13,"column":4},"end":{"line":15,"column":5}},"type":"if","locations":[{"start":{"line":13,"column":4},"end":{"line":15,"column":5}}]},"1":{"loc":{"start":{"line":19,"column":36},"end":{"line":19,"column":76}},"type":"binary-expr","locations":[{"start":{"line":19,"column":36},"end":{"line":19,"column":61}},{"start":{"line":19,"column":65},"end":{"line":19,"column":76}}]},"2":{"loc":{"start":{"line":19,"column":36},"end":{"line":19,"column":61}},"type":"cond-expr","locations":[{"start":{"line":19,"column":54},"end":{"line":19,"column":56}},{"start":{"line":19,"column":54},"end":{"line":19,"column":61}}]},"3":{"loc":{"start":{"line":19,"column":36},"end":{"line":19,"column":56}},"type":"binary-expr","locations":[{"start":{"line":19,"column":36},"end":{"line":19,"column":56}},{"start":{"line":19,"column":54},"end":{"line":19,"column":56}}]},"4":{"loc":{"start":{"line":19,"column":36},"end":{"line":19,"column":54}},"type":"cond-expr","locations":[{"start":{"line":19,"column":48},"end":{"line":19,"column":50}},{"start":{"line":19,"column":48},"end":{"line":19,"column":54}}]},"5":{"loc":{"start":{"line":19,"column":36},"end":{"line":19,"column":50}},"type":"binary-expr","locations":[{"start":{"line":19,"column":36},"end":{"line":19,"column":50}},{"start":{"line":19,"column":48},"end":{"line":19,"column":50}}]}},"s":{"0":4,"1":4,"2":4,"3":0,"4":0,"5":0,"6":0,"7":0,"8":0,"9":0,"10":0,"11":0,"12":0,"13":4},"f":{"0":0,"1":0},"b":{"0":[0],"1":[0,0],"2":[0,0],"3":[0,0],"4":[0,0],"5":[0,0]}}
,"/home/sujal/Desktop/AutomatchAi/backend/src/controllers/ai.controller.ts": {"path":"/home/sujal/Desktop/AutomatchAi/backend/src/controllers/ai.controller.ts","statementMap":{"0":{"start":{"line":2,"column":0},"end":{"line":2,"column":31}},"1":{"start":{"line":3,"column":0},"end":{"line":3,"column":61}},"2":{"start":{"line":4,"column":0},"end":{"line":4,"column":26}},"3":{"start":{"line":6,"column":23},"end":{"line":6,"column":65}},"4":{"start":{"line":8,"column":25},"end":{"line":36,"column":2}},"5":{"start":{"line":8,"column":63},"end":{"line":36,"column":2}},"6":{"start":{"line":9,"column":2},"end":{"line":35,"column":3}},"7":{"start":{"line":10,"column":18},"end":{"line":10,"column":34}},"8":{"start":{"line":12,"column":4},"end":{"line":14,"column":5}},"9":{"start":{"line":13,"column":6},"end":{"line":13,"column":73}},"10":{"start":{"line":16,"column":23},"end":{"line":18,"column":6}},"11":{"start":{"line":20,"column":27},"end":{"line":26,"column":6}},"12":{"start":{"line":28,"column":4},"end":{"line":31,"column":7}},"13":{"start":{"line":33,"column":4},"end":{"line":33,"column":54}},"14":{"start":{"line":34,"column":4},"end":{"line":34,"column":63}},"15":{"start":{"line":8,"column":13},"end":{"line":8,"column":25}},"16":{"start":{"line":38,"column":25},"end":{"line":101,"column":2}},"17":{"start":{"line":38,"column":63},"end":{"line":101,"column":2}},"18":{"start":{"line":39,"column":2},"end":{"line":100,"column":3}},"19":{"start":{"line":40,"column":58},"end":{"line":40,"column":66}},"20":{"start":{"line":41,"column":18},"end":{"line":41,"column":34}},"21":{"start":{"line":43,"column":4},"end":{"line":45,"column":5}},"22":{"start":{"line":44,"column":6},"end":{"line":44,"column":73}},"23":{"start":{"line":48,"column":4},"end":{"line":50,"column":7}},"24":{"start":{"line":53,"column":29},"end":{"line":56,"column":6}},"25":{"start":{"line":58,"column":19},"end":{"line":58,"column":90}},"26":{"start":{"line":58,"column":49},"end":{"line":58,"column":78}},"27":{"start":{"line":60,"column":21},"end":{"line":60,"column":52}},"28":{"start":{"line":63,"column":4},"end":{"line":89,"column":5}},"29":{"start":{"line":64,"column":22},"end":{"line":64,"column":47}},"30":{"start":{"line":65,"column":6},"end":{"line":88,"column":7}},"31":{"start":{"line":66,"column":8},"end":{"line":85,"column":9}},"32":{"start":{"line":67,"column":33},"end":{"line":71,"column":12}},"33":{"start":{"line":72,"column":26},"end":{"line":72,"column":53}},"34":{"start":{"line":74,"column":10},"end":{"line":81,"column":11}},"35":{"start":{"line":75,"column":12},"end":{"line":75,"column":62}},"36":{"start":{"line":76,"column":12},"end":{"line":78,"column":15}},"37":{"start":{"line":77,"column":14},"end":{"line":77,"column":103}},"38":{"start":{"line":80,"column":12},"end":{"line":80,"column":62}},"39":{"start":{"line":83,"column":10},"end":{"line":83,"column":52}},"40":{"start":{"line":84,"column":10},"end":{"line":84,"column":86}},"41":{"start":{"line":87,"column":8},"end":{"line":87,"column":104}},"42":{"start":{"line":92,"column":23},"end":{"line":94,"column":6}},"43":{"start":{"line":96,"column":4},"end":{"line":96,"column":58}},"44":{"start":{"line":98,"column":4},"end":{"line":98,"column":43}},"45":{"start":{"line":99,"column":4},"end":{"line":99,"column":62}},"46":{"start":{"line":38,"column":13},"end":{"line":38,"column":25}},"47":{"start":{"line":105,"column":19},"end":{"line":105,"column":45}},"48":{"start":{"line":106,"column":14},"end":{"line":106,"column":30}},"49":{"start":{"line":108,"column":2},"end":{"line":112,"column":3}},"50":{"start":{"line":108,"column":15},"end":{"line":108,"column":16}},"51":{"start":{"line":109,"column":4},"end":{"line":111,"column":5}},"52":{"start":{"line":110,"column":6},"end":{"line":110,"column":26}},"53":{"start":{"line":113,"column":2},"end":{"line":113,"column":14}}},"fnMap":{"0":{"name":"(anonymous_8)","decl":{"start":{"line":8,"column":25},"end":{"line":8,"column":32}},"loc":{"start":{"line":8,"column":63},"end":{"line":36,"column":2}}},"1":{"name":"(anonymous_9)","decl":{"start":{"line":8,"column":63},"end":{"line":8,"column":null}},"loc":{"start":{"line":8,"column":63},"end":{"line":36,"column":1}}},"2":{"name":"(anonymous_10)","decl":{"start":{"line":38,"column":25},"end":{"line":38,"column":32}},"loc":{"start":{"line":38,"column":63},"end":{"line":101,"column":2}}},"3":{"name":"(anonymous_11)","decl":{"start":{"line":38,"column":63},"end":{"line":38,"column":null}},"loc":{"start":{"line":38,"column":63},"end":{"line":101,"column":1}}},"4":{"name":"(anonymous_12)","decl":{"start":{"line":58,"column":40},"end":{"line":58,"column":41}},"loc":{"start":{"line":58,"column":49},"end":{"line":58,"column":78}}},"5":{"name":"(anonymous_13)","decl":{"start":{"line":76,"column":28},"end":{"line":76,"column":29}},"loc":{"start":{"line":76,"column":59},"end":{"line":78,"column":13}}},"6":{"name":"extractProduct","decl":{"start":{"line":104,"column":9},"end":{"line":104,"column":23}},"loc":{"start":{"line":104,"column":37},"end":{"line":114,"column":1}}}},"branchMap":{"0":{"loc":{"start":{"line":12,"column":4},"end":{"line":14,"column":5}},"type":"if","locations":[{"start":{"line":12,"column":4},"end":{"line":14,"column":5}}]},"1":{"loc":{"start":{"line":43,"column":4},"end":{"line":45,"column":5}},"type":"if","locations":[{"start":{"line":43,"column":4},"end":{"line":45,"column":5}}]},"2":{"loc":{"start":{"line":63,"column":4},"end":{"line":89,"column":5}},"type":"if","locations":[{"start":{"line":63,"column":4},"end":{"line":89,"column":5}}]},"3":{"loc":{"start":{"line":63,"column":8},"end":{"line":63,"column":101}},"type":"binary-expr","locations":[{"start":{"line":63,"column":8},"end":{"line":63,"column":50}},{"start":{"line":63,"column":54},"end":{"line":63,"column":101}}]},"4":{"loc":{"start":{"line":65,"column":6},"end":{"line":88,"column":7}},"type":"if","locations":[{"start":{"line":65,"column":6},"end":{"line":88,"column":7}},{"start":{"line":86,"column":13},"end":{"line":88,"column":7}}]},"5":{"loc":{"start":{"line":65,"column":10},"end":{"line":65,"column":42}},"type":"binary-expr","locations":[{"start":{"line":65,"column":10},"end":{"line":65,"column":17}},{"start":{"line":65,"column":21},"end":{"line":65,"column":29}},{"start":{"line":65,"column":33},"end":{"line":65,"column":42}}]},"6":{"loc":{"start":{"line":74,"column":10},"end":{"line":81,"column":11}},"type":"if","locations":[{"start":{"line":74,"column":10},"end":{"line":81,"column":11}},{"start":{"line":79,"column":17},"end":{"line":81,"column":11}}]},"7":{"loc":{"start":{"line":109,"column":4},"end":{"line":111,"column":5}},"type":"if","locations":[{"start":{"line":109,"column":4},"end":{"line":111,"column":5}}]},"8":{"loc":{"start":{"line":109,"column":8},"end":{"line":109,"column":73}},"type":"binary-expr","locations":[{"start":{"line":109,"column":8},"end":{"line":109,"column":49}},{"start":{"line":109,"column":53},"end":{"line":109,"column":73}}]}},"s":{"0":4,"1":4,"2":4,"3":4,"4":4,"5":0,"6":0,"7":0,"8":0,"9":0,"10":0,"11":0,"12":0,"13":0,"14":0,"15":4,"16":4,"17":0,"18":0,"19":0,"20":0,"21":0,"22":0,"23":0,"24":0,"25":0,"26":0,"27":0,"28":0,"29":0,"30":0,"31":0,"32":0,"33":0,"34":0,"35":0,"36":0,"37":0,"38":0,"39":0,"40":0,"41":0,"42":0,"43":0,"44":0,"45":0,"46":4,"47":0,"48":0,"49":0,"50":0,"51":0,"52":0,"53":0},"f":{"0":0,"1":0,"2":0,"3":0,"4":0,"5":0,"6":0},"b":{"0":[0],"1":[0],"2":[0],"3":[0,0],"4":[0,0],"5":[0,0,0],"6":[0,0],"7":[0],"8":[0,0]}}
,"/home/sujal/Desktop/AutomatchAi/backend/src/controllers/auth.controller.ts": {"path":"/home/sujal/Desktop/AutomatchAi/backend/src/controllers/auth.controller.ts","statementMap":{"0":{"start":{"line":2,"column":0},"end":{"line":2,"column":31}},"1":{"start":{"line":3,"column":0},"end":{"line":3,"column":28}},"2":{"start":{"line":4,"column":0},"end":{"line":4,"column":31}},"3":{"start":{"line":5,"column":0},"end":{"line":5,"column":40}},"4":{"start":{"line":11,"column":22},"end":{"line":29,"column":2}},"5":{"start":{"line":11,"column":60},"end":{"line":29,"column":2}},"6":{"start":{"line":12,"column":36},"end":{"line":12,"column":44}},"7":{"start":{"line":14,"column":23},"end":{"line":16,"column":4}},"8":{"start":{"line":18,"column":2},"end":{"line":20,"column":3}},"9":{"start":{"line":19,"column":4},"end":{"line":19,"column":68}},"10":{"start":{"line":22,"column":25},"end":{"line":22,"column":54}},"11":{"start":{"line":24,"column":15},"end":{"line":26,"column":4}},"12":{"start":{"line":28,"column":2},"end":{"line":28,"column":36}},"13":{"start":{"line":11,"column":13},"end":{"line":11,"column":22}},"14":{"start":{"line":31,"column":22},"end":{"line":50,"column":2}},"15":{"start":{"line":31,"column":60},"end":{"line":50,"column":2}},"16":{"start":{"line":32,"column":30},"end":{"line":32,"column":38}},"17":{"start":{"line":34,"column":15},"end":{"line":36,"column":4}},"18":{"start":{"line":38,"column":2},"end":{"line":40,"column":3}},"19":{"start":{"line":39,"column":4},"end":{"line":39,"column":62}},"20":{"start":{"line":42,"column":18},"end":{"line":42,"column":61}},"21":{"start":{"line":43,"column":2},"end":{"line":45,"column":3}},"22":{"start":{"line":44,"column":4},"end":{"line":44,"column":65}},"23":{"start":{"line":47,"column":16},"end":{"line":47,"column":57}},"24":{"start":{"line":49,"column":2},"end":{"line":49,"column":47}},"25":{"start":{"line":31,"column":13},"end":{"line":31,"column":22}},"26":{"start":{"line":53,"column":31},"end":{"line":74,"column":4}},"27":{"start":{"line":53,"column":75},"end":{"line":74,"column":4}},"28":{"start":{"line":54,"column":4},"end":{"line":73,"column":5}},"29":{"start":{"line":55,"column":6},"end":{"line":60,"column":7}},"30":{"start":{"line":56,"column":8},"end":{"line":59,"column":11}},"31":{"start":{"line":62,"column":6},"end":{"line":66,"column":9}},"32":{"start":{"line":68,"column":6},"end":{"line":68,"column":27}},"33":{"start":{"line":69,"column":6},"end":{"line":72,"column":9}},"34":{"start":{"line":53,"column":13},"end":{"line":53,"column":31}}},"fnMap":{"0":{"name":"(anonymous_8)","decl":{"start":{"line":11,"column":22},"end":{"line":11,"column":29}},"loc":{"start":{"line":11,"column":60},"end":{"line":29,"column":2}}},"1":{"name":"(anonymous_9)","decl":{"start":{"line":11,"column":60},"end":{"line":11,"column":null}},"loc":{"start":{"line":11,"column":60},"end":{"line":29,"column":1}}},"2":{"name":"(anonymous_10)","decl":{"start":{"line":31,"column":22},"end":{"line":31,"column":29}},"loc":{"start":{"line":31,"column":60},"end":{"line":50,"column":2}}},"3":{"name":"(anonymous_11)","decl":{"start":{"line":31,"column":60},"end":{"line":31,"column":null}},"loc":{"start":{"line":31,"column":60},"end":{"line":50,"column":1}}},"4":{"name":"(anonymous_12)","decl":{"start":{"line":53,"column":31},"end":{"line":53,"column":38}},"loc":{"start":{"line":53,"column":75},"end":{"line":74,"column":4}}},"5":{"name":"(anonymous_13)","decl":{"start":{"line":53,"column":75},"end":{"line":53,"column":null}},"loc":{"start":{"line":53,"column":75},"end":{"line":74,"column":3}}}},"branchMap":{"0":{"loc":{"start":{"line":18,"column":2},"end":{"line":20,"column":3}},"type":"if","locations":[{"start":{"line":18,"column":2},"end":{"line":20,"column":3}}]},"1":{"loc":{"start":{"line":38,"column":2},"end":{"line":40,"column":3}},"type":"if","locations":[{"start":{"line":38,"column":2},"end":{"line":40,"column":3}}]},"2":{"loc":{"start":{"line":43,"column":2},"end":{"line":45,"column":3}},"type":"if","locations":[{"start":{"line":43,"column":2},"end":{"line":45,"column":3}}]},"3":{"loc":{"start":{"line":55,"column":6},"end":{"line":60,"column":7}},"type":"if","locations":[{"start":{"line":55,"column":6},"end":{"line":60,"column":7}}]}},"s":{"0":4,"1":4,"2":4,"3":4,"4":4,"5":0,"6":0,"7":0,"8":0,"9":0,"10":0,"11":0,"12":0,"13":4,"14":4,"15":0,"16":0,"17":0,"18":0,"19":0,"20":0,"21":0,"22":0,"23":0,"24":0,"25":4,"26":4,"27":0,"28":0,"29":0,"30":0,"31":0,"32":0,"33":0,"34":4},"f":{"0":0,"1":0,"2":0,"3":0,"4":0,"5":0},"b":{"0":[0],"1":[0],"2":[0],"3":[0]}}
,"/home/sujal/Desktop/AutomatchAi/backend/src/controllers/dealer.controller.ts": {"path":"/home/sujal/Desktop/AutomatchAi/backend/src/controllers/dealer.controller.ts","statementMap":{"0":{"start":{"line":1,"column":0},"end":{"line":1,"column":59}},"1":{"start":{"line":2,"column":0},"end":{"line":2,"column":61}},"2":{"start":{"line":4,"column":32},"end":{"line":20,"column":2}},"3":{"start":{"line":4,"column":59},"end":{"line":20,"column":2}},"4":{"start":{"line":5,"column":43},"end":{"line":5,"column":51}},"5":{"start":{"line":7,"column":2},"end":{"line":9,"column":3}},"6":{"start":{"line":8,"column":4},"end":{"line":8,"column":91}},"7":{"start":{"line":11,"column":2},"end":{"line":19,"column":3}},"8":{"start":{"line":12,"column":17},"end":{"line":12,"column":58}},"9":{"start":{"line":13,"column":20},"end":{"line":13,"column":57}},"10":{"start":{"line":15,"column":4},"end":{"line":15,"column":33}},"11":{"start":{"line":17,"column":4},"end":{"line":17,"column":31}},"12":{"start":{"line":18,"column":4},"end":{"line":18,"column":58}},"13":{"start":{"line":4,"column":13},"end":{"line":4,"column":32}}},"fnMap":{"0":{"name":"(anonymous_7)","decl":{"start":{"line":4,"column":32},"end":{"line":4,"column":39}},"loc":{"start":{"line":4,"column":59},"end":{"line":20,"column":2}}},"1":{"name":"(anonymous_8)","decl":{"start":{"line":4,"column":59},"end":{"line":4,"column":null}},"loc":{"start":{"line":4,"column":59},"end":{"line":20,"column":1}}}},"branchMap":{"0":{"loc":{"start":{"line":7,"column":2},"end":{"line":9,"column":3}},"type":"if","locations":[{"start":{"line":7,"column":2},"end":{"line":9,"column":3}}]},"1":{"loc":{"start":{"line":7,"column":6},"end":{"line":7,"column":41}},"type":"binary-expr","locations":[{"start":{"line":7,"column":6},"end":{"line":7,"column":14}},{"start":{"line":7,"column":18},"end":{"line":7,"column":27}},{"start":{"line":7,"column":31},"end":{"line":7,"column":41}}]}},"s":{"0":4,"1":4,"2":4,"3":0,"4":0,"5":0,"6":0,"7":0,"8":0,"9":0,"10":0,"11":0,"12":0,"13":4},"f":{"0":0,"1":0},"b":{"0":[0],"1":[0,0,0]}}
,"/home/sujal/Desktop/AutomatchAi/backend/src/controllers/session.controller.ts": {"path":"/home/sujal/Desktop/AutomatchAi/backend/src/controllers/session.controller.ts","statementMap":{"0":{"start":{"line":2,"column":0},"end":{"line":2,"column":31}},"1":{"start":{"line":5,"column":27},"end":{"line":23,"column":2}},"2":{"start":{"line":5,"column":65},"end":{"line":23,"column":2}},"3":{"start":{"line":6,"column":2},"end":{"line":22,"column":3}},"4":{"start":{"line":7,"column":18},"end":{"line":7,"column":34}},"5":{"start":{"line":9,"column":4},"end":{"line":11,"column":5}},"6":{"start":{"line":10,"column":6},"end":{"line":10,"column":73}},"7":{"start":{"line":13,"column":21},"end":{"line":16,"column":6}},"8":{"start":{"line":18,"column":4},"end":{"line":18,"column":39}},"9":{"start":{"line":20,"column":4},"end":{"line":20,"column":61}},"10":{"start":{"line":21,"column":4},"end":{"line":21,"column":63}},"11":{"start":{"line":5,"column":13},"end":{"line":5,"column":27}},"12":{"start":{"line":26,"column":27},"end":{"line":56,"column":2}},"13":{"start":{"line":26,"column":65},"end":{"line":56,"column":2}},"14":{"start":{"line":27,"column":2},"end":{"line":55,"column":3}},"15":{"start":{"line":28,"column":26},"end":{"line":28,"column":36}},"16":{"start":{"line":29,"column":18},"end":{"line":29,"column":34}},"17":{"start":{"line":31,"column":4},"end":{"line":33,"column":5}},"18":{"start":{"line":32,"column":6},"end":{"line":32,"column":73}},"19":{"start":{"line":36,"column":20},"end":{"line":39,"column":6}},"20":{"start":{"line":41,"column":4},"end":{"line":43,"column":5}},"21":{"start":{"line":42,"column":6},"end":{"line":42,"column":81}},"22":{"start":{"line":46,"column":21},"end":{"line":49,"column":6}},"23":{"start":{"line":51,"column":4},"end":{"line":51,"column":39}},"24":{"start":{"line":53,"column":4},"end":{"line":53,"column":61}},"25":{"start":{"line":54,"column":4},"end":{"line":54,"column":63}},"26":{"start":{"line":26,"column":13},"end":{"line":26,"column":27}}},"fnMap":{"0":{"name":"(anonymous_7)","decl":{"start":{"line":5,"column":27},"end":{"line":5,"column":34}},"loc":{"start":{"line":5,"column":65},"end":{"line":23,"column":2}}},"1":{"name":"(anonymous_8)","decl":{"start":{"line":5,"column":65},"end":{"line":5,"column":null}},"loc":{"start":{"line":5,"column":65},"end":{"line":23,"column":1}}},"2":{"name":"(anonymous_9)","decl":{"start":{"line":26,"column":27},"end":{"line":26,"column":34}},"loc":{"start":{"line":26,"column":65},"end":{"line":56,"column":2}}},"3":{"name":"(anonymous_10)","decl":{"start":{"line":26,"column":65},"end":{"line":26,"column":null}},"loc":{"start":{"line":26,"column":65},"end":{"line":56,"column":1}}}},"branchMap":{"0":{"loc":{"start":{"line":9,"column":4},"end":{"line":11,"column":5}},"type":"if","locations":[{"start":{"line":9,"column":4},"end":{"line":11,"column":5}}]},"1":{"loc":{"start":{"line":31,"column":4},"end":{"line":33,"column":5}},"type":"if","locations":[{"start":{"line":31,"column":4},"end":{"line":33,"column":5}}]},"2":{"loc":{"start":{"line":41,"column":4},"end":{"line":43,"column":5}},"type":"if","locations":[{"start":{"line":41,"column":4},"end":{"line":43,"column":5}}]},"3":{"loc":{"start":{"line":41,"column":8},"end":{"line":41,"column":46}},"type":"binary-expr","locations":[{"start":{"line":41,"column":8},"end":{"line":41,"column":16}},{"start":{"line":41,"column":20},"end":{"line":41,"column":46}}]}},"s":{"0":4,"1":4,"2":0,"3":0,"4":0,"5":0,"6":0,"7":0,"8":0,"9":0,"10":0,"11":4,"12":4,"13":0,"14":0,"15":0,"16":0,"17":0,"18":0,"19":0,"20":0,"21":0,"22":0,"23":0,"24":0,"25":0,"26":4},"f":{"0":0,"1":0,"2":0,"3":0},"b":{"0":[0],"1":[0],"2":[0],"3":[0,0]}}
,"/home/sujal/Desktop/AutomatchAi/backend/src/middlewares/authMiddleware.ts": {"path":"/home/sujal/Desktop/AutomatchAi/backend/src/middlewares/authMiddleware.ts","statementMap":{"0":{"start":{"line":1,"column":0},"end":{"line":1,"column":31}},"1":{"start":{"line":3,"column":0},"end":{"line":3,"column":31}},"2":{"start":{"line":4,"column":0},"end":{"line":4,"column":40}},"3":{"start":{"line":6,"column":30},"end":{"line":34,"column":2}},"4":{"start":{"line":6,"column":88},"end":{"line":34,"column":2}},"5":{"start":{"line":7,"column":2},"end":{"line":33,"column":3}},"6":{"start":{"line":8,"column":30},"end":{"line":8,"column":41}},"7":{"start":{"line":10,"column":4},"end":{"line":12,"column":5}},"8":{"start":{"line":11,"column":6},"end":{"line":11,"column":74}},"9":{"start":{"line":14,"column":18},"end":{"line":14,"column":54}},"10":{"start":{"line":15,"column":20},"end":{"line":15,"column":71}},"11":{"start":{"line":17,"column":17},"end":{"line":19,"column":6}},"12":{"start":{"line":21,"column":4},"end":{"line":23,"column":5}},"13":{"start":{"line":22,"column":6},"end":{"line":22,"column":66}},"14":{"start":{"line":25,"column":5},"end":{"line":25,"column":29}},"15":{"start":{"line":26,"column":4},"end":{"line":26,"column":11}},"16":{"start":{"line":28,"column":4},"end":{"line":28,"column":23}},"17":{"start":{"line":29,"column":4},"end":{"line":31,"column":5}},"18":{"start":{"line":30,"column":6},"end":{"line":30,"column":74}},"19":{"start":{"line":32,"column":4},"end":{"line":32,"column":70}},"20":{"start":{"line":6,"column":13},"end":{"line":6,"column":30}}},"fnMap":{"0":{"name":"(anonymous_8)","decl":{"start":{"line":6,"column":30},"end":{"line":6,"column":37}},"loc":{"start":{"line":6,"column":88},"end":{"line":34,"column":2}}},"1":{"name":"(anonymous_9)","decl":{"start":{"line":6,"column":88},"end":{"line":6,"column":null}},"loc":{"start":{"line":6,"column":88},"end":{"line":34,"column":1}}}},"branchMap":{"0":{"loc":{"start":{"line":10,"column":4},"end":{"line":12,"column":5}},"type":"if","locations":[{"start":{"line":10,"column":4},"end":{"line":12,"column":5}}]},"1":{"loc":{"start":{"line":21,"column":4},"end":{"line":23,"column":5}},"type":"if","locations":[{"start":{"line":21,"column":4},"end":{"line":23,"column":5}}]},"2":{"loc":{"start":{"line":29,"column":4},"end":{"line":31,"column":5}},"type":"if","locations":[{"start":{"line":29,"column":4},"end":{"line":31,"column":5}}]},"3":{"loc":{"start":{"line":29,"column":8},"end":{"line":29,"column":88}},"type":"binary-expr","locations":[{"start":{"line":29,"column":8},"end":{"line":29,"column":46}},{"start":{"line":29,"column":50},"end":{"line":29,"column":88}}]}},"s":{"0":4,"1":4,"2":4,"3":4,"4":13,"5":13,"6":13,"7":13,"8":3,"9":10,"10":10,"11":9,"12":0,"13":0,"14":0,"15":0,"16":10,"17":10,"18":1,"19":9,"20":4},"f":{"0":13,"1":13},"b":{"0":[3],"1":[0],"2":[1],"3":[10,9]}}
,"/home/sujal/Desktop/AutomatchAi/backend/src/routes/auth.routes.ts": {"path":"/home/sujal/Desktop/AutomatchAi/backend/src/routes/auth.routes.ts","statementMap":{"0":{"start":{"line":1,"column":0},"end":{"line":1,"column":33}},"1":{"start":{"line":2,"column":0},"end":{"line":2,"column":81}},"2":{"start":{"line":3,"column":0},"end":{"line":3,"column":63}},"3":{"start":{"line":5,"column":15},"end":{"line":5,"column":23}},"4":{"start":{"line":7,"column":0},"end":{"line":7,"column":38}},"5":{"start":{"line":8,"column":0},"end":{"line":8,"column":38}},"6":{"start":{"line":9,"column":0},"end":{"line":9,"column":65}},"7":{"start":{"line":11,"column":0},"end":{"line":11,"column":22}}},"fnMap":{},"branchMap":{},"s":{"0":4,"1":4,"2":4,"3":4,"4":4,"5":4,"6":4,"7":4},"f":{},"b":{}}
,"/home/sujal/Desktop/AutomatchAi/backend/src/routes/chatbot.routes.ts": {"path":"/home/sujal/Desktop/AutomatchAi/backend/src/routes/chatbot.routes.ts","statementMap":{"0":{"start":{"line":1,"column":0},"end":{"line":1,"column":33}},"1":{"start":{"line":2,"column":0},"end":{"line":2,"column":63}},"2":{"start":{"line":3,"column":0},"end":{"line":3,"column":68}},"3":{"start":{"line":6,"column":24},"end":{"line":6,"column":32}},"4":{"start":{"line":8,"column":0},"end":{"line":8,"column":65}},"5":{"start":{"line":9,"column":0},"end":{"line":9,"column":66}},"6":{"start":{"line":11,"column":0},"end":{"line":11,"column":24}}},"fnMap":{},"branchMap":{},"s":{"0":4,"1":4,"2":4,"3":4,"4":4,"5":4,"6":4},"f":{},"b":{}}
,"/home/sujal/Desktop/AutomatchAi/backend/src/routes/dealer.routes.ts": {"path":"/home/sujal/Desktop/AutomatchAi/backend/src/routes/dealer.routes.ts","statementMap":{"0":{"start":{"line":1,"column":0},"end":{"line":1,"column":33}},"1":{"start":{"line":2,"column":0},"end":{"line":2,"column":63}},"2":{"start":{"line":3,"column":0},"end":{"line":3,"column":68}},"3":{"start":{"line":6,"column":28},"end":{"line":6,"column":36}},"4":{"start":{"line":8,"column":0},"end":{"line":8,"column":69}},"5":{"start":{"line":10,"column":0},"end":{"line":10,"column":28}}},"fnMap":{},"branchMap":{},"s":{"0":4,"1":4,"2":4,"3":4,"4":4,"5":4},"f":{},"b":{}}
,"/home/sujal/Desktop/AutomatchAi/backend/src/routes/session.routes.ts": {"path":"/home/sujal/Desktop/AutomatchAi/backend/src/routes/session.routes.ts","statementMap":{"0":{"start":{"line":1,"column":0},"end":{"line":1,"column":30}},"1":{"start":{"line":2,"column":0},"end":{"line":2,"column":76}},"2":{"start":{"line":3,"column":0},"end":{"line":3,"column":63}},"3":{"start":{"line":5,"column":22},"end":{"line":5,"column":38}},"4":{"start":{"line":7,"column":0},"end":{"line":7,"column":74}},"5":{"start":{"line":8,"column":0},"end":{"line":8,"column":85}},"6":{"start":{"line":10,"column":0},"end":{"line":10,"column":29}}},"fnMap":{},"branchMap":{},"s":{"0":4,"1":4,"2":4,"3":4,"4":4,"5":4,"6":4},"f":{},"b":{}}
,"/home/sujal/Desktop/AutomatchAi/backend/src/services/gemini.service.ts": {"path":"/home/sujal/Desktop/AutomatchAi/backend/src/services/gemini.service.ts","statementMap":{"0":{"start":{"line":6,"column":0},"end":{"line":6,"column":22}},"1":{"start":{"line":1,"column":0},"end":{"line":1,"column":59}},"2":{"start":{"line":2,"column":0},"end":{"line":2,"column":44}},"3":{"start":{"line":4,"column":14},"end":{"line":4,"column":53}},"4":{"start":{"line":7,"column":2},"end":{"line":37,"column":3}},"5":{"start":{"line":8,"column":18},"end":{"line":8,"column":73}},"6":{"start":{"line":10,"column":17},"end":{"line":10,"column":47}},"7":{"start":{"line":12,"column":4},"end":{"line":27,"column":5}},"8":{"start":{"line":13,"column":6},"end":{"line":24,"column":68}},"9":{"start":{"line":26,"column":6},"end":{"line":26,"column":96}},"10":{"start":{"line":29,"column":19},"end":{"line":29,"column":54}},"11":{"start":{"line":30,"column":25},"end":{"line":30,"column":47}},"12":{"start":{"line":32,"column":4},"end":{"line":32,"column":46}},"13":{"start":{"line":33,"column":4},"end":{"line":33,"column":24}},"14":{"start":{"line":35,"column":4},"end":{"line":35,"column":56}},"15":{"start":{"line":36,"column":4},"end":{"line":36,"column":48}}},"fnMap":{"0":{"name":"generateContent","decl":{"start":{"line":6,"column":22},"end":{"line":6,"column":37}},"loc":{"start":{"line":6,"column":60},"end":{"line":38,"column":null}}}},"branchMap":{"0":{"loc":{"start":{"line":12,"column":4},"end":{"line":27,"column":5}},"type":"if","locations":[{"start":{"line":12,"column":4},"end":{"line":27,"column":5}},{"start":{"line":25,"column":11},"end":{"line":27,"column":5}}]}},"s":{"0":4,"1":4,"2":4,"3":4,"4":0,"5":0,"6":0,"7":0,"8":0,"9":0,"10":0,"11":0,"12":0,"13":0,"14":0,"15":0},"f":{"0":0},"b":{"0":[0,0]}}
,"/home/sujal/Desktop/AutomatchAi/backend/src/services/geocode.service.ts": {"path":"/home/sujal/Desktop/AutomatchAi/backend/src/services/geocode.service.ts","statementMap":{"0":{"start":{"line":1,"column":0},"end":{"line":1,"column":26}},"1":{"start":{"line":3,"column":30},"end":{"line":27,"column":2}},"2":{"start":{"line":3,"column":82},"end":{"line":27,"column":2}},"3":{"start":{"line":4,"column":14},"end":{"line":4,"column":93}},"4":{"start":{"line":6,"column":2},"end":{"line":26,"column":3}},"5":{"start":{"line":7,"column":21},"end":{"line":7,"column":41}},"6":{"start":{"line":8,"column":4},"end":{"line":8,"column":52}},"7":{"start":{"line":10,"column":4},"end":{"line":21,"column":5}},"8":{"start":{"line":12,"column":8},"end":{"line":16,"column":35}},"9":{"start":{"line":18,"column":6},"end":{"line":18,"column":42}},"10":{"start":{"line":19,"column":6},"end":{"line":19,"column":51}},"11":{"start":{"line":19,"column":17},"end":{"line":19,"column":51}},"12":{"start":{"line":20,"column":6},"end":{"line":20,"column":18}},"13":{"start":{"line":22,"column":4},"end":{"line":22,"column":42}},"14":{"start":{"line":24,"column":4},"end":{"line":24,"column":57}},"15":{"start":{"line":25,"column":4},"end":{"line":25,"column":48}},"16":{"start":{"line":3,"column":13},"end":{"line":3,"column":30}}},"fnMap":{"0":{"name":"(anonymous_8)","decl":{"start":{"line":3,"column":30},"end":{"line":3,"column":37}},"loc":{"start":{"line":3,"column":82},"end":{"line":27,"column":2}}},"1":{"name":"(anonymous_9)","decl":{"start":{"line":3,"column":82},"end":{"line":3,"column":null}},"loc":{"start":{"line":3,"column":82},"end":{"line":27,"column":1}}}},"branchMap":{"0":{"loc":{"start":{"line":10,"column":4},"end":{"line":21,"column":5}},"type":"if","locations":[{"start":{"line":10,"column":4},"end":{"line":21,"column":5}}]},"1":{"loc":{"start":{"line":10,"column":8},"end":{"line":10,"column":46}},"type":"binary-expr","locations":[{"start":{"line":10,"column":8},"end":{"line":10,"column":21}},{"start":{"line":10,"column":25},"end":{"line":10,"column":46}}]},"2":{"loc":{"start":{"line":12,"column":8},"end":{"line":16,"column":35}},"type":"binary-expr","locations":[{"start":{"line":12,"column":8},"end":{"line":12,"column":34}},{"start":{"line":13,"column":8},"end":{"line":13,"column":34}},{"start":{"line":14,"column":8},"end":{"line":14,"column":37}},{"start":{"line":15,"column":8},"end":{"line":15,"column":36}},{"start":{"line":16,"column":8},"end":{"line":16,"column":35}}]},"3":{"loc":{"start":{"line":19,"column":6},"end":{"line":19,"column":51}},"type":"if","locations":[{"start":{"line":19,"column":6},"end":{"line":19,"column":51}}]}},"s":{"0":4,"1":4,"2":0,"3":0,"4":0,"5":0,"6":0,"7":0,"8":0,"9":0,"10":0,"11":0,"12":0,"13":0,"14":0,"15":0,"16":4},"f":{"0":0,"1":0},"b":{"0":[0],"1":[0,0],"2":[0,0,0,0,0],"3":[0]}}
,"/home/sujal/Desktop/AutomatchAi/backend/src/utils/server.ts": {"path":"/home/sujal/Desktop/AutomatchAi/backend/src/utils/server.ts","statementMap":{"0":{"start":{"line":8,"column":0},"end":{"line":8,"column":16}},"1":{"start":{"line":1,"column":0},"end":{"line":1,"column":43}},"2":{"start":{"line":2,"column":0},"end":{"line":2,"column":24}},"3":{"start":{"line":3,"column":0},"end":{"line":3,"column":47}},"4":{"start":{"line":4,"column":0},"end":{"line":4,"column":51}},"5":{"start":{"line":5,"column":0},"end":{"line":5,"column":53}},"6":{"start":{"line":6,"column":0},"end":{"line":6,"column":53}},"7":{"start":{"line":9,"column":14},"end":{"line":9,"column":23}},"8":{"start":{"line":12,"column":2},"end":{"line":12,"column":26}},"9":{"start":{"line":13,"column":2},"end":{"line":13,"column":18}},"10":{"start":{"line":16,"column":2},"end":{"line":16,"column":38}},"11":{"start":{"line":17,"column":2},"end":{"line":17,"column":42}},"12":{"start":{"line":18,"column":2},"end":{"line":18,"column":39}},"13":{"start":{"line":19,"column":2},"end":{"line":19,"column":41}},"14":{"start":{"line":21,"column":2},"end":{"line":21,"column":13}}},"fnMap":{"0":{"name":"createServer","decl":{"start":{"line":8,"column":16},"end":{"line":8,"column":28}},"loc":{"start":{"line":8,"column":28},"end":{"line":22,"column":1}}}},"branchMap":{},"s":{"0":4,"1":4,"2":4,"3":4,"4":4,"5":4,"6":4,"7":4,"8":4,"9":4,"10":4,"11":4,"12":4,"13":4,"14":4},"f":{"0":4},"b":{}}
}
