TN:
SF:src/secrets.ts
FNF:0
FNH:0
DA:1,10
DA:3,10
DA:5,10
DA:6,10
DA:7,10
DA:8,10
LF:6
LH:6
BRF:0
BRH:0
end_of_record
TN:
SF:src/controllers/ai.controller.ts
FN:8,(anonymous_8)
FN:8,(anonymous_9)
FN:38,(anonymous_10)
FN:38,(anonymous_11)
FN:104,(anonymous_12)
FN:137,(anonymous_13)
FN:199,(anonymous_14)
FN:199,(anonymous_15)
FN:242,extractProduct
FNF:9
FNH:8
FNDA:3,(anonymous_8)
FNDA:3,(anonymous_9)
FNDA:6,(anonymous_10)
FNDA:6,(anonymous_11)
FNDA:6,(anonymous_12)
FNDA:0,(anonymous_13)
FNDA:4,(anonymous_14)
FNDA:4,(anonymous_15)
FNDA:5,extractProduct
DA:2,8
DA:3,8
DA:4,8
DA:6,8
DA:8,8
DA:9,3
DA:10,3
DA:12,3
DA:13,1
DA:16,2
DA:20,1
DA:28,1
DA:33,1
DA:34,1
DA:38,8
DA:39,6
DA:40,6
DA:41,6
DA:43,6
DA:44,1
DA:48,5
DA:53,5
DA:59,5
DA:65,5
DA:66,3
DA:68,3
DA:69,2
DA:71,2
DA:74,2
DA:80,1
DA:87,1
DA:95,1
DA:97,1
DA:104,6
DA:107,4
DA:109,2
DA:111,2
DA:112,1
DA:114,1
DA:115,1
DA:118,1
DA:128,1
DA:129,1
DA:131,1
DA:132,0
DA:137,0
DA:138,0
DA:140,0
DA:142,0
DA:144,0
DA:146,0
DA:150,1
DA:154,1
DA:158,1
DA:163,0
DA:164,0
DA:166,0
DA:170,0
DA:173,1
DA:175,1
DA:179,1
DA:184,2
DA:187,1
DA:191,1
DA:193,1
DA:194,1
DA:199,8
DA:200,4
DA:201,4
DA:202,4
DA:204,4
DA:205,1
DA:209,3
DA:214,2
DA:215,1
DA:219,1
DA:220,1
DA:226,1
DA:234,1
DA:236,1
DA:237,1
DA:244,5
DA:245,10
DA:246,10
DA:248,5
DA:251,5
DA:252,5
DA:254,3
DA:260,2
DA:261,4
DA:262,4
DA:263,2
DA:266,2
DA:274,2
DA:275,66
DA:276,0
DA:281,2
DA:289,2
DA:290,32
DA:291,0
DA:297,2
LF:101
LH:88
BRDA:12,0,0,1
BRDA:43,1,0,1
BRDA:59,2,0,5
BRDA:59,2,1,2
BRDA:59,2,2,2
BRDA:59,2,3,2
BRDA:65,3,0,3
BRDA:65,4,0,5
BRDA:65,4,1,2
BRDA:68,5,0,2
BRDA:83,6,0,1
BRDA:83,6,1,1
BRDA:107,7,0,2
BRDA:111,8,0,1
BRDA:111,8,1,1
BRDA:114,9,0,1
BRDA:114,9,1,1
BRDA:115,10,0,1
BRDA:115,10,1,1
BRDA:131,11,0,0
BRDA:131,11,1,1
BRDA:131,12,0,1
BRDA:131,12,1,1
BRDA:142,13,0,0
BRDA:144,14,0,0
BRDA:160,15,0,1
BRDA:160,15,1,0
BRDA:204,16,0,1
BRDA:214,17,0,1
BRDA:214,18,0,2
BRDA:214,18,1,2
BRDA:219,19,0,1
BRDA:246,20,0,5
BRDA:252,21,0,3
BRDA:252,22,0,5
BRDA:252,22,1,3
BRDA:262,23,0,2
BRDA:275,24,0,0
BRDA:290,25,0,0
BRF:39
BRH:33
end_of_record
TN:
SF:src/controllers/auth.controller.ts
FN:11,(anonymous_9)
FN:11,(anonymous_10)
FN:63,(anonymous_11)
FN:63,(anonymous_12)
FN:109,(anonymous_13)
FN:109,(anonymous_14)
FNF:6
FNH:4
FNDA:20,(anonymous_9)
FNDA:20,(anonymous_10)
FNDA:11,(anonymous_11)
FNDA:11,(anonymous_12)
FNDA:0,(anonymous_13)
FNDA:0,(anonymous_14)
DA:2,7
DA:3,7
DA:4,7
DA:5,7
DA:11,20
DA:12,20
DA:13,20
DA:15,20
DA:17,20
DA:18,4
DA:21,16
DA:22,16
DA:26,16
DA:27,0
DA:30,16
DA:32,16
DA:41,16
DA:44,0
DA:46,0
DA:48,0
DA:54,16
DA:55,16
DA:58,0
DA:59,0
DA:63,11
DA:64,11
DA:65,11
DA:67,11
DA:69,11
DA:70,2
DA:73,9
DA:74,9
DA:78,9
DA:79,9
DA:82,0
DA:83,0
DA:84,0
DA:87,0
DA:90,0
DA:92,0
DA:94,0
DA:100,0
DA:101,0
DA:104,0
DA:105,0
DA:109,7
DA:110,0
DA:111,0
DA:112,0
DA:113,0
DA:117,0
DA:119,0
DA:124,0
DA:125,0
LF:54
LH:29
BRDA:17,0,0,4
BRDA:17,1,0,20
BRDA:17,1,1,19
BRDA:17,1,2,17
BRDA:26,2,0,0
BRDA:69,3,0,2
BRDA:69,4,0,11
BRDA:69,4,1,10
BRDA:78,5,0,9
BRDA:83,6,0,0
BRDA:112,7,0,0
BRF:11
BRH:8
end_of_record
TN:
SF:src/controllers/dealer.controller.ts
FN:11,(anonymous_7)
FN:11,(anonymous_8)
FNF:2
FNH:2
FNDA:4,(anonymous_7)
FNDA:4,(anonymous_8)
DA:2,8
DA:3,8
DA:6,8
DA:11,8
DA:12,4
DA:13,4
DA:16,4
DA:18,4
DA:19,2
DA:20,2
DA:27,2
DA:28,2
DA:31,2
DA:33,1
DA:35,1
DA:36,0
DA:43,1
DA:49,1
DA:52,1
DA:54,1
LF:20
LH:19
BRDA:18,0,0,2
BRDA:35,1,0,0
BRDA:52,2,0,0
BRDA:52,2,1,1
BRDA:52,3,0,0
BRDA:52,3,1,1
BRDA:52,4,0,1
BRDA:52,4,1,1
BRDA:56,5,0,1
BRDA:56,5,1,0
BRDA:57,6,0,0
BRDA:57,6,1,1
BRF:12
BRH:7
end_of_record
TN:
SF:src/controllers/session.controller.ts
FN:5,(anonymous_7)
FN:5,(anonymous_8)
FN:34,(anonymous_9)
FN:34,(anonymous_10)
FN:67,(anonymous_11)
FN:67,(anonymous_12)
FNF:6
FNH:6
FNDA:3,(anonymous_7)
FNDA:3,(anonymous_8)
FNDA:4,(anonymous_9)
FNDA:4,(anonymous_10)
FNDA:4,(anonymous_11)
FNDA:4,(anonymous_12)
DA:2,8
DA:5,8
DA:6,3
DA:7,3
DA:9,3
DA:10,1
DA:13,2
DA:25,1
DA:27,1
DA:28,1
DA:34,8
DA:35,4
DA:36,4
DA:37,4
DA:39,4
DA:40,1
DA:44,3
DA:49,2
DA:50,1
DA:54,1
DA:59,1
DA:61,1
DA:62,1
DA:67,8
DA:68,4
DA:69,4
DA:70,4
DA:72,4
DA:73,1
DA:77,3
DA:81,2
DA:82,1
DA:86,1
DA:91,1
DA:95,1
DA:97,1
DA:98,1
LF:37
LH:37
BRDA:9,0,0,1
BRDA:39,1,0,1
BRDA:49,2,0,1
BRDA:49,3,0,2
BRDA:49,3,1,2
BRDA:72,4,0,1
BRDA:81,5,0,1
BRDA:81,6,0,2
BRDA:81,6,1,2
BRF:9
BRH:9
end_of_record
TN:
SF:src/middlewares/authMiddleware.ts
FN:11,(anonymous_8)
FN:11,(anonymous_9)
FNF:2
FNH:2
FNDA:21,(anonymous_8)
FNDA:21,(anonymous_9)
DA:1,8
DA:3,8
DA:4,8
DA:11,21
DA:12,21
DA:13,21
DA:15,21
DA:16,8
DA:20,13
DA:21,2
DA:24,11
DA:26,11
DA:27,1
DA:30,10
DA:31,10
DA:33,3
DA:37,2
DA:38,1
DA:42,1
DA:43,1
DA:45,1
DA:47,8
DA:48,8
DA:51,0
DA:52,0
LF:25
LH:23
BRDA:15,0,0,8
BRDA:20,1,0,2
BRDA:26,2,0,1
BRDA:37,3,0,1
BRF:4
BRH:4
end_of_record
TN:
SF:src/routes/auth.routes.ts
FNF:0
FNH:0
DA:1,7
DA:2,7
DA:3,7
DA:5,7
DA:7,7
DA:8,7
DA:9,7
DA:11,7
LF:8
LH:8
BRF:0
BRH:0
end_of_record
TN:
SF:src/routes/chatbot.routes.ts
FNF:0
FNH:0
DA:1,7
DA:2,7
DA:3,7
DA:6,7
DA:8,7
DA:9,7
DA:10,7
DA:12,7
LF:8
LH:8
BRF:0
BRH:0
end_of_record
TN:
SF:src/routes/dealer.routes.ts
FNF:0
FNH:0
DA:1,7
DA:2,7
DA:3,7
DA:5,7
DA:8,7
DA:10,7
LF:6
LH:6
BRF:0
BRH:0
end_of_record
TN:
SF:src/routes/session.routes.ts
FNF:0
FNH:0
DA:1,7
DA:2,7
DA:3,7
DA:5,7
DA:7,7
DA:8,7
DA:9,7
DA:11,7
LF:8
LH:8
BRF:0
BRH:0
end_of_record
TN:
SF:src/services/dealer.service.ts
FN:26,(anonymous_8)
FN:26,(anonymous_9)
FN:45,(anonymous_10)
FN:60,(anonymous_11)
FNF:4
FNH:4
FNDA:13,(anonymous_8)
FNDA:13,(anonymous_9)
FNDA:1,(anonymous_10)
FNDA:13,(anonymous_11)
DA:1,8
DA:2,8
DA:3,8
DA:5,8
DA:7,8
DA:26,13
DA:27,13
DA:28,13
DA:29,4
DA:32,9
DA:33,2
DA:36,7
DA:38,7
DA:46,1
DA:47,1
DA:50,6
DA:51,0
DA:52,0
DA:55,6
DA:56,2
DA:57,2
DA:60,4
DA:62,13
DA:76,4
DA:78,7
DA:80,7
LF:26
LH:24
BRDA:28,0,0,4
BRDA:32,1,0,2
BRDA:32,2,0,9
BRDA:32,2,1,8
BRDA:50,3,0,0
BRDA:55,4,0,2
BRDA:55,5,0,6
BRDA:55,5,1,5
BRDA:63,6,0,13
BRDA:63,6,1,0
BRDA:64,7,0,13
BRDA:64,7,1,1
BRDA:65,8,0,12
BRDA:65,8,1,1
BRDA:66,9,0,12
BRDA:66,9,1,1
BRDA:67,10,0,13
BRDA:67,10,1,1
BRDA:68,11,0,13
BRDA:68,11,1,11
BRDA:69,12,0,13
BRDA:69,12,1,11
BRDA:70,13,0,13
BRDA:70,13,1,11
BRDA:71,14,0,13
BRDA:71,14,1,11
BRDA:80,15,0,7
BRDA:80,15,1,0
BRF:28
BRH:25
end_of_record
TN:
SF:src/test/testApp.ts
FNF:0
FNH:0
DA:1,7
DA:2,7
DA:3,7
DA:4,7
DA:5,7
DA:8,7
DA:11,7
DA:12,7
DA:15,7
DA:16,7
DA:17,7
DA:18,7
DA:20,7
LF:13
LH:13
BRF:0
BRH:0
end_of_record
