TN:
SF:src/db.ts
FNF:0
FNH:0
DA:1,4
DA:3,4
LF:2
LH:2
BRF:0
BRH:0
end_of_record
TN:
SF:src/secrets.ts
FNF:0
FNH:0
DA:1,4
DA:3,4
DA:5,4
DA:6,4
DA:7,4
DA:8,4
LF:6
LH:6
BRF:0
BRH:0
end_of_record
TN:
SF:src/config/serpApiConfig.ts
FN:4,(anonymous_8)
FN:4,(anonymous_9)
FNF:2
FNH:0
FNDA:0,(anonymous_8)
FNDA:0,(anonymous_9)
DA:1,4
DA:2,4
DA:4,4
DA:5,0
DA:6,0
DA:10,0
DA:11,0
DA:13,0
DA:14,0
DA:17,0
DA:19,0
DA:20,0
LF:12
LH:3
BRDA:13,0,0,0
BRDA:19,1,0,0
BRDA:19,1,1,0
BRDA:19,2,0,0
BRDA:19,2,1,0
BRDA:19,3,0,0
BRDA:19,3,1,0
BRDA:19,4,0,0
BRDA:19,4,1,0
BRDA:19,5,0,0
BRDA:19,5,1,0
BRF:11
BRH:0
end_of_record
TN:
SF:src/controllers/ai.controller.ts
FN:8,(anonymous_8)
FN:8,(anonymous_9)
FN:38,(anonymous_10)
FN:38,(anonymous_11)
FN:58,(anonymous_12)
FN:76,(anonymous_13)
FN:104,extractProduct
FNF:7
FNH:7
FNDA:1,(anonymous_8)
FNDA:1,(anonymous_9)
FNDA:3,(anonymous_10)
FNDA:3,(anonymous_11)
FNDA:6,(anonymous_12)
FNDA:1,(anonymous_13)
FNDA:2,extractProduct
DA:2,4
DA:3,4
DA:4,4
DA:6,4
DA:8,4
DA:9,1
DA:10,1
DA:12,1
DA:13,0
DA:16,1
DA:20,1
DA:28,1
DA:33,0
DA:34,0
DA:38,4
DA:39,3
DA:40,3
DA:41,3
DA:43,3
DA:44,0
DA:48,3
DA:53,3
DA:58,6
DA:60,3
DA:63,3
DA:64,2
DA:65,2
DA:66,1
DA:67,1
DA:72,1
DA:74,1
DA:75,1
DA:76,1
DA:77,1
DA:80,0
DA:83,0
DA:84,0
DA:87,1
DA:92,3
DA:96,2
DA:98,1
DA:99,1
DA:105,2
DA:106,2
DA:108,2
DA:109,2
DA:110,2
DA:113,0
LF:48
LH:40
BRDA:12,0,0,0
BRDA:43,1,0,0
BRDA:63,2,0,2
BRDA:63,3,0,3
BRDA:63,3,1,1
BRDA:65,4,0,1
BRDA:65,4,1,1
BRDA:65,5,0,2
BRDA:65,5,1,2
BRDA:65,5,2,1
BRDA:74,6,0,1
BRDA:74,6,1,0
BRDA:109,7,0,2
BRDA:109,8,0,2
BRDA:109,8,1,2
BRF:15
BRH:12
end_of_record
TN:
SF:src/controllers/auth.controller.ts
FN:11,(anonymous_8)
FN:11,(anonymous_9)
FN:31,(anonymous_10)
FN:31,(anonymous_11)
FN:53,(anonymous_12)
FN:53,(anonymous_13)
FNF:6
FNH:6
FNDA:10,(anonymous_8)
FNDA:10,(anonymous_9)
FNDA:6,(anonymous_10)
FNDA:6,(anonymous_11)
FNDA:1,(anonymous_12)
FNDA:1,(anonymous_13)
DA:2,4
DA:3,4
DA:4,4
DA:5,4
DA:11,10
DA:12,10
DA:14,10
DA:18,9
DA:19,1
DA:22,8
DA:24,8
DA:28,7
DA:31,6
DA:32,6
DA:34,6
DA:38,6
DA:39,1
DA:42,5
DA:43,5
DA:44,1
DA:47,4
DA:49,4
DA:53,4
DA:54,1
DA:55,1
DA:56,0
DA:62,1
DA:68,0
DA:69,0
LF:29
LH:26
BRDA:18,0,0,1
BRDA:38,1,0,1
BRDA:43,2,0,1
BRDA:55,3,0,0
BRF:4
BRH:3
end_of_record
TN:
SF:src/controllers/dealer.controller.ts
FN:4,(anonymous_7)
FN:4,(anonymous_8)
FNF:2
FNH:2
FNDA:1,(anonymous_7)
FNDA:1,(anonymous_8)
DA:1,4
DA:2,4
DA:4,4
DA:5,1
DA:7,1
DA:8,1
DA:11,0
DA:12,0
DA:13,0
DA:15,0
DA:17,0
DA:18,0
LF:12
LH:6
BRDA:7,0,0,1
BRDA:7,1,0,1
BRDA:7,1,1,1
BRDA:7,1,2,0
BRF:4
BRH:3
end_of_record
TN:
SF:src/controllers/session.controller.ts
FN:5,(anonymous_7)
FN:5,(anonymous_8)
FN:26,(anonymous_9)
FN:26,(anonymous_10)
FNF:4
FNH:4
FNDA:1,(anonymous_7)
FNDA:1,(anonymous_8)
FNDA:3,(anonymous_9)
FNDA:3,(anonymous_10)
DA:2,4
DA:5,4
DA:6,1
DA:7,1
DA:9,1
DA:10,0
DA:13,1
DA:18,1
DA:20,0
DA:21,0
DA:26,4
DA:27,3
DA:28,3
DA:29,3
DA:31,3
DA:32,0
DA:36,3
DA:41,3
DA:42,2
DA:46,1
DA:51,1
DA:53,0
DA:54,0
LF:23
LH:17
BRDA:9,0,0,0
BRDA:31,1,0,0
BRDA:41,2,0,2
BRDA:41,3,0,3
BRDA:41,3,1,2
BRF:5
BRH:3
end_of_record
TN:
SF:src/middlewares/authMiddleware.ts
FN:6,(anonymous_8)
FN:6,(anonymous_9)
FNF:2
FNH:2
FNDA:17,(anonymous_8)
FNDA:17,(anonymous_9)
DA:1,4
DA:3,4
DA:4,4
DA:6,17
DA:7,17
DA:8,17
DA:10,17
DA:11,5
DA:14,12
DA:15,12
DA:17,11
DA:21,11
DA:22,1
DA:25,10
DA:26,10
DA:28,1
DA:29,1
DA:30,1
DA:32,0
LF:19
LH:18
BRDA:10,0,0,5
BRDA:21,1,0,1
BRDA:29,2,0,1
BRDA:29,3,0,1
BRDA:29,3,1,0
BRF:5
BRH:4
end_of_record
TN:
SF:src/routes/auth.routes.ts
FNF:0
FNH:0
DA:1,4
DA:2,4
DA:3,4
DA:5,4
DA:7,4
DA:8,4
DA:9,4
DA:11,4
LF:8
LH:8
BRF:0
BRH:0
end_of_record
TN:
SF:src/routes/chatbot.routes.ts
FNF:0
FNH:0
DA:1,4
DA:2,4
DA:3,4
DA:6,4
DA:8,4
DA:9,4
DA:11,4
LF:7
LH:7
BRF:0
BRH:0
end_of_record
TN:
SF:src/routes/dealer.routes.ts
FNF:0
FNH:0
DA:1,4
DA:2,4
DA:3,4
DA:6,4
DA:8,4
DA:10,4
LF:6
LH:6
BRF:0
BRH:0
end_of_record
TN:
SF:src/routes/session.routes.ts
FNF:0
FNH:0
DA:1,4
DA:2,4
DA:3,4
DA:5,4
DA:7,4
DA:8,4
DA:10,4
LF:7
LH:7
BRF:0
BRH:0
end_of_record
TN:
SF:src/services/gemini.service.ts
FN:6,generateContent
FNF:1
FNH:1
FNDA:3,generateContent
DA:1,4
DA:2,4
DA:4,4
DA:6,4
DA:7,3
DA:8,3
DA:10,3
DA:12,3
DA:13,0
DA:26,3
DA:29,3
DA:30,3
DA:32,3
DA:33,3
DA:35,0
DA:36,0
LF:16
LH:13
BRDA:12,0,0,0
BRDA:12,0,1,3
BRF:2
BRH:1
end_of_record
TN:
SF:src/services/geocode.service.ts
FN:3,(anonymous_8)
FN:3,(anonymous_9)
FNF:2
FNH:0
FNDA:0,(anonymous_8)
FNDA:0,(anonymous_9)
DA:1,4
DA:3,4
DA:4,0
DA:6,0
DA:7,0
DA:8,0
DA:10,0
DA:12,0
DA:18,0
DA:19,0
DA:20,0
DA:22,0
DA:24,0
DA:25,0
LF:14
LH:2
BRDA:10,0,0,0
BRDA:10,1,0,0
BRDA:10,1,1,0
BRDA:12,2,0,0
BRDA:12,2,1,0
BRDA:12,2,2,0
BRDA:12,2,3,0
BRDA:12,2,4,0
BRDA:19,3,0,0
BRF:9
BRH:0
end_of_record
TN:
SF:src/test/testApp.ts
FNF:0
FNH:0
DA:1,4
DA:2,4
DA:3,4
DA:4,4
DA:5,4
DA:6,4
DA:8,4
DA:11,4
DA:12,4
DA:15,4
DA:16,4
DA:17,4
DA:18,4
DA:20,4
LF:14
LH:14
BRF:0
BRH:0
end_of_record
